2023-11-02 07:00:05,009 - INFO - [31m[1mWARNING: This is a development server. Do not use it in a production deployment. Use a production WSGI server instead.[0m
 * Running on http://127.0.0.1:5000
2023-11-02 07:00:05,009 - INFO - [33mPress CTRL+C to quit[0m
2023-11-02 07:00:05,015 - INFO -  * Restarting with stat
2023-11-02 07:00:06,617 - WARNING -  * Debugger is active!
2023-11-02 07:00:06,632 - INFO -  * Debugger PIN: 929-523-107
2023-11-02 07:00:26,642 - INFO - 2023-11-02 07:00:26.642651---Table Accessed | Request Path:/parkinglog
2023-11-02 07:00:26,644 - INFO - 127.0.0.1 - - [02/Nov/2023 07:00:26] "GET /parkinglog HTTP/1.1" 200 -
2023-11-04 01:40:36,017 - INFO - [31m[1mWARNING: This is a development server. Do not use it in a production deployment. Use a production WSGI server instead.[0m
 * Running on http://127.0.0.1:5000
2023-11-04 01:40:36,018 - INFO - [33mPress CTRL+C to quit[0m
2023-11-04 01:40:36,022 - INFO -  * Restarting with stat
2023-11-04 01:40:38,120 - WARNING -  * Debugger is active!
2023-11-04 01:40:38,137 - INFO -  * Debugger PIN: 929-523-107
2023-11-04 01:41:51,940 - INFO - 127.0.0.1 - - [04/Nov/2023 01:41:51] "[35m[1mPOST /signup HTTP/1.1[0m" 500 -
2023-11-04 01:42:58,267 - INFO -  * Detected change in 'c:\\Users\\HP\\Desktop\\Pk_space\\Authentication\\auth.py', reloading
2023-11-04 01:42:59,132 - INFO -  * Restarting with stat
2023-11-04 01:43:02,721 - WARNING -  * Debugger is active!
2023-11-04 01:43:02,734 - INFO -  * Debugger PIN: 929-523-107
2023-11-04 01:43:02,782 - INFO - 127.0.0.1 - - [04/Nov/2023 01:43:02] "[35m[1mPOST /signup HTTP/1.1[0m" 500 -
2023-11-04 01:45:08,777 - INFO -  * Detected change in 'c:\\Users\\HP\\Desktop\\Pk_space\\Authentication\\auth.py', reloading
2023-11-04 01:45:10,299 - INFO -  * Restarting with stat
2023-11-04 01:45:14,367 - WARNING -  * Debugger is active!
2023-11-04 01:45:14,417 - INFO -  * Debugger PIN: 929-523-107
2023-11-04 01:45:14,472 - INFO - 127.0.0.1 - - [04/Nov/2023 01:45:14] "POST /signup HTTP/1.1" 200 -
2023-11-04 01:47:04,683 - INFO - 127.0.0.1 - - [04/Nov/2023 01:47:04] "POST /signup HTTP/1.1" 200 -
2023-11-04 01:47:08,211 - INFO - 127.0.0.1 - - [04/Nov/2023 01:47:08] "POST /signup HTTP/1.1" 200 -
2023-11-04 01:47:20,994 - INFO - 127.0.0.1 - - [04/Nov/2023 01:47:20] "POST /signup HTTP/1.1" 200 -
2023-11-04 01:48:11,828 - INFO - 127.0.0.1 - - [04/Nov/2023 01:48:11] "[35m[1mGET /parkinglog HTTP/1.1[0m" 500 -
2023-11-04 01:48:29,937 - INFO -  * Detected change in 'c:\\Users\\HP\\Desktop\\Pk_space\\api_request.py', reloading
2023-11-04 01:48:30,651 - INFO -  * Restarting with stat
2023-11-04 01:48:34,251 - WARNING -  * Debugger is active!
2023-11-04 01:48:34,272 - INFO -  * Debugger PIN: 929-523-107
2023-11-04 01:48:34,322 - INFO - 127.0.0.1 - - [04/Nov/2023 01:48:34] "GET /parkinglog HTTP/1.1" 200 -
2023-11-04 02:16:20,177 - INFO -  * Detected change in 'c:\\Users\\HP\\Desktop\\Pk_space\\api_request.py', reloading
2023-11-04 02:16:21,602 - INFO -  * Restarting with stat
2023-11-04 02:16:25,897 - WARNING -  * Debugger is active!
2023-11-04 02:16:25,937 - INFO -  * Debugger PIN: 929-523-107
2023-11-04 02:16:45,201 - INFO - 127.0.0.1 - - [04/Nov/2023 02:16:45] "[35m[1mPOST /signup HTTP/1.1[0m" 500 -
2023-11-04 02:40:04,407 - INFO - 127.0.0.1 - - [04/Nov/2023 02:40:04] "[35m[1mPOST /signup HTTP/1.1[0m" 500 -
2023-11-04 02:43:11,208 - INFO -  * Detected change in 'c:\\Users\\HP\\Desktop\\Pk_space\\api_request.py', reloading
2023-11-04 02:43:53,373 - INFO - [31m[1mWARNING: This is a development server. Do not use it in a production deployment. Use a production WSGI server instead.[0m
 * Running on http://127.0.0.1:5000
2023-11-04 02:43:53,375 - INFO - [33mPress CTRL+C to quit[0m
2023-11-04 02:43:53,379 - INFO -  * Restarting with stat
2023-11-04 02:43:55,441 - WARNING -  * Debugger is active!
2023-11-04 02:43:55,463 - INFO -  * Debugger PIN: 929-523-107
2023-11-04 02:43:59,829 - INFO - 127.0.0.1 - - [04/Nov/2023 02:43:59] "POST /signup HTTP/1.1" 200 -
2023-11-04 02:46:58,656 - INFO -  * Detected change in 'c:\\Users\\HP\\Desktop\\Pk_space\\Authentication\\auth.py', reloading
2023-11-04 02:46:59,397 - INFO -  * Restarting with stat
2023-11-04 02:47:02,414 - WARNING -  * Debugger is active!
2023-11-04 02:47:02,430 - INFO -  * Debugger PIN: 929-523-107
2023-11-04 02:47:11,969 - INFO - 127.0.0.1 - - [04/Nov/2023 02:47:11] "[35m[1mPOST /signup HTTP/1.1[0m" 500 -
2023-11-04 02:47:23,836 - INFO -  * Detected change in 'c:\\Users\\HP\\Desktop\\Pk_space\\Authentication\\auth.py', reloading
2023-11-04 02:47:24,048 - INFO -  * Restarting with stat
2023-11-04 02:47:27,451 - WARNING -  * Debugger is active!
2023-11-04 02:47:27,457 - INFO -  * Debugger PIN: 929-523-107
2023-11-04 02:47:27,731 - INFO - 127.0.0.1 - - [04/Nov/2023 02:47:27] "POST /signup HTTP/1.1" 200 -
2023-11-04 02:48:35,289 - INFO - 127.0.0.1 - - [04/Nov/2023 02:48:35] "GET /parkinglog HTTP/1.1" 200 -
2023-11-04 02:48:56,245 - INFO - 127.0.0.1 - - [04/Nov/2023 02:48:56] "GET /parkinglog HTTP/1.1" 200 -
2023-11-04 02:49:53,137 - INFO - 2023-11-04 02:49:53.136360---Table Accessed | Request Path:/parkinglog
2023-11-04 02:49:53,138 - INFO - 127.0.0.1 - - [04/Nov/2023 02:49:53] "GET /parkinglog HTTP/1.1" 200 -
2023-11-04 02:54:23,621 - INFO -  * Detected change in 'c:\\Users\\HP\\Desktop\\Pk_space\\api_request.py', reloading
2023-11-04 02:54:24,662 - INFO -  * Restarting with stat
2023-11-04 02:54:29,022 - WARNING -  * Debugger is active!
2023-11-04 02:54:29,051 - INFO -  * Debugger PIN: 929-523-107
2023-11-04 02:54:29,135 - INFO - 2023-11-04 02:54:29.135561---Table Accessed | Request Path:/parkinglog
2023-11-04 02:54:29,136 - INFO - 127.0.0.1 - - [04/Nov/2023 02:54:29] "GET /parkinglog HTTP/1.1" 200 -
2023-11-04 02:56:31,152 - INFO -  * Detected change in 'c:\\Users\\HP\\Desktop\\Pk_space\\api_request.py', reloading
2023-11-04 02:56:31,500 - INFO -  * Restarting with stat
2023-11-04 02:56:35,238 - WARNING -  * Debugger is active!
2023-11-04 02:56:35,251 - INFO -  * Debugger PIN: 929-523-107
2023-11-04 02:57:24,712 - INFO - 127.0.0.1 - - [04/Nov/2023 02:57:24] "POST /signup HTTP/1.1" 200 -
2023-11-04 02:58:00,943 - INFO - 2023-11-04 02:58:00.942117---Table Accessed | Request Path:/parkinglog
2023-11-04 02:58:00,945 - INFO - 127.0.0.1 - - [04/Nov/2023 02:58:00] "GET /parkinglog HTTP/1.1" 200 -
2023-11-04 02:58:56,730 - INFO -  * Detected change in 'c:\\Users\\HP\\Desktop\\Pk_space\\api_request.py', reloading
2023-11-04 02:58:57,171 - INFO -  * Restarting with stat
2023-11-04 02:59:00,712 - WARNING -  * Debugger is active!
2023-11-04 02:59:00,727 - INFO -  * Debugger PIN: 929-523-107
2023-11-04 02:59:23,300 - INFO - 127.0.0.1 - - [04/Nov/2023 02:59:23] "GET /parkinglog HTTP/1.1" 200 -
2023-11-04 02:59:43,513 - INFO -  * Detected change in 'c:\\Users\\HP\\Desktop\\Pk_space\\api_request.py', reloading
2023-11-04 02:59:43,827 - INFO -  * Restarting with stat
2023-11-04 02:59:46,659 - WARNING -  * Debugger is active!
2023-11-04 02:59:46,670 - INFO -  * Debugger PIN: 929-523-107
2023-11-04 02:59:52,824 - INFO -  * Detected change in 'c:\\Users\\HP\\Desktop\\Pk_space\\api_request.py', reloading
2023-11-04 02:59:53,103 - INFO -  * Restarting with stat
2023-11-04 02:59:55,450 - WARNING -  * Debugger is active!
2023-11-04 02:59:55,458 - INFO -  * Debugger PIN: 929-523-107
2023-11-04 03:01:21,936 - INFO -  * Detected change in 'c:\\Users\\HP\\Desktop\\Pk_space\\api_request.py', reloading
2023-11-04 03:01:22,180 - INFO -  * Restarting with stat
2023-11-04 03:01:24,273 - WARNING -  * Debugger is active!
2023-11-04 03:01:24,278 - INFO -  * Debugger PIN: 929-523-107
2023-11-04 03:01:37,535 - INFO -  * Detected change in 'c:\\Users\\HP\\Desktop\\Pk_space\\api_request.py', reloading
2023-11-04 03:01:37,804 - INFO -  * Restarting with stat
2023-11-04 03:01:39,732 - WARNING -  * Debugger is active!
2023-11-04 03:01:39,736 - INFO -  * Debugger PIN: 929-523-107
2023-11-04 03:02:11,340 - INFO -  * Detected change in 'c:\\Users\\HP\\Desktop\\Pk_space\\api_request.py', reloading
2023-11-04 03:02:11,488 - INFO -  * Restarting with stat
2023-11-04 03:02:13,319 - WARNING -  * Debugger is active!
2023-11-04 03:02:13,325 - INFO -  * Debugger PIN: 929-523-107
2023-11-04 03:05:52,068 - INFO -  * Detected change in 'c:\\Users\\HP\\Desktop\\Pk_space\\Authentication\\security.py', reloading
2023-11-04 03:05:52,825 - INFO -  * Restarting with stat
2023-11-04 03:05:56,613 - WARNING -  * Debugger is active!
2023-11-04 03:05:56,628 - INFO -  * Debugger PIN: 929-523-107
2023-11-04 03:06:56,721 - INFO -  * Detected change in 'c:\\Users\\HP\\Desktop\\Pk_space\\Authentication\\security.py', reloading
2023-11-04 03:06:56,919 - INFO -  * Restarting with stat
2023-11-04 03:06:59,180 - WARNING -  * Debugger is active!
2023-11-04 03:06:59,185 - INFO -  * Debugger PIN: 929-523-107
2023-11-04 03:07:02,265 - INFO -  * Detected change in 'c:\\Users\\HP\\Desktop\\Pk_space\\Authentication\\security.py', reloading
2023-11-04 03:07:02,574 - INFO -  * Restarting with stat
2023-11-04 03:07:04,156 - WARNING -  * Debugger is active!
2023-11-04 03:07:04,163 - INFO -  * Debugger PIN: 929-523-107
2023-11-04 03:08:21,559 - INFO -  * Detected change in 'c:\\Users\\HP\\Desktop\\Pk_space\\api_request.py', reloading
2023-11-04 03:08:21,818 - INFO -  * Restarting with stat
2023-11-04 03:08:25,110 - WARNING -  * Debugger is active!
2023-11-04 03:08:25,120 - INFO -  * Debugger PIN: 929-523-107
2023-11-04 03:08:59,552 - INFO - 127.0.0.1 - - [04/Nov/2023 03:08:59] "POST /signup HTTP/1.1" 200 -
2023-11-04 03:09:11,971 - INFO -  * Detected change in 'c:\\Users\\HP\\Desktop\\Pk_space\\api_request.py', reloading
2023-11-04 03:09:12,325 - INFO -  * Restarting with stat
2023-11-04 03:09:14,769 - WARNING -  * Debugger is active!
2023-11-04 03:09:14,775 - INFO -  * Debugger PIN: 929-523-107
2023-11-04 03:09:25,938 - INFO -  * Detected change in 'c:\\Users\\HP\\Desktop\\Pk_space\\api_request.py', reloading
2023-11-04 03:09:26,262 - INFO -  * Restarting with stat
2023-11-04 03:09:29,086 - WARNING -  * Debugger is active!
2023-11-04 03:09:29,092 - INFO -  * Debugger PIN: 929-523-107
2023-11-04 03:09:45,292 - INFO -  * Detected change in 'c:\\Users\\HP\\Desktop\\Pk_space\\Authentication\\security.py', reloading
2023-11-04 03:09:45,494 - INFO -  * Restarting with stat
2023-11-04 03:09:47,850 - WARNING -  * Debugger is active!
2023-11-04 03:09:47,856 - INFO -  * Debugger PIN: 929-523-107
2023-11-04 03:10:02,445 - INFO - 127.0.0.1 - - [04/Nov/2023 03:10:02] "[35m[1mGET /parkinglog HTTP/1.1[0m" 500 -
2023-11-04 03:10:22,378 - INFO -  * Detected change in 'c:\\Users\\HP\\Desktop\\Pk_space\\api_request.py', reloading
2023-11-04 03:10:22,765 - INFO -  * Restarting with stat
2023-11-04 03:10:25,679 - WARNING -  * Debugger is active!
2023-11-04 03:10:25,685 - INFO -  * Debugger PIN: 929-523-107
2023-11-04 03:10:26,296 - INFO - 2023-11-04 03:10:26.296252---Table Accessed | Request Path:/parkinglog
2023-11-04 03:10:26,297 - INFO - 127.0.0.1 - - [04/Nov/2023 03:10:26] "GET /parkinglog HTTP/1.1" 200 -
2023-11-04 03:10:59,120 - INFO -  * Detected change in 'c:\\Users\\HP\\Desktop\\Pk_space\\api_request.py', reloading
2023-11-04 03:10:59,316 - INFO -  * Restarting with stat
2023-11-04 03:11:01,371 - WARNING -  * Debugger is active!
2023-11-04 03:11:01,378 - INFO -  * Debugger PIN: 929-523-107
2023-11-04 03:11:07,503 - INFO -  * Detected change in 'c:\\Users\\HP\\Desktop\\Pk_space\\api_request.py', reloading
2023-11-04 03:11:07,687 - INFO -  * Restarting with stat
2023-11-04 03:11:09,630 - WARNING -  * Debugger is active!
2023-11-04 03:11:09,636 - INFO -  * Debugger PIN: 929-523-107
2023-11-04 03:11:16,768 - INFO -  * Detected change in 'c:\\Users\\HP\\Desktop\\Pk_space\\api_request.py', reloading
2023-11-04 03:11:17,007 - INFO -  * Restarting with stat
2023-11-04 03:11:18,854 - WARNING -  * Debugger is active!
2023-11-04 03:11:18,861 - INFO -  * Debugger PIN: 929-523-107
2023-11-04 03:11:22,932 - INFO -  * Detected change in 'c:\\Users\\HP\\Desktop\\Pk_space\\api_request.py', reloading
2023-11-04 03:11:23,104 - INFO -  * Restarting with stat
2023-11-04 03:11:25,475 - WARNING -  * Debugger is active!
2023-11-04 03:11:25,482 - INFO -  * Debugger PIN: 929-523-107
2023-11-04 03:11:30,577 - INFO -  * Detected change in 'c:\\Users\\HP\\Desktop\\Pk_space\\api_request.py', reloading
2023-11-04 03:11:30,775 - INFO -  * Restarting with stat
2023-11-04 03:11:32,782 - WARNING -  * Debugger is active!
2023-11-04 03:11:32,793 - INFO -  * Debugger PIN: 929-523-107
2023-11-04 03:11:46,992 - INFO -  * Detected change in 'c:\\Users\\HP\\Desktop\\Pk_space\\api_request.py', reloading
2023-11-04 03:11:47,217 - INFO -  * Restarting with stat
2023-11-04 03:11:49,515 - WARNING -  * Debugger is active!
2023-11-04 03:11:49,527 - INFO -  * Debugger PIN: 929-523-107
2023-11-04 03:13:28,777 - INFO -  * Detected change in 'c:\\Users\\HP\\Desktop\\Pk_space\\sanitization.py', reloading
2023-11-04 03:13:29,312 - INFO -  * Restarting with stat
2023-11-04 03:13:32,105 - WARNING -  * Debugger is active!
2023-11-04 03:13:32,111 - INFO -  * Debugger PIN: 929-523-107
2023-11-04 03:23:30,973 - INFO -  * Detected change in 'c:\\Users\\HP\\Desktop\\Pk_space\\sanitization.py', reloading
2023-11-04 03:23:31,769 - INFO -  * Restarting with stat
2023-11-04 03:23:34,654 - WARNING -  * Debugger is active!
2023-11-04 03:23:34,682 - INFO -  * Debugger PIN: 929-523-107
2023-11-04 03:24:10,158 - INFO -  * Detected change in 'c:\\Users\\HP\\Desktop\\Pk_space\\sanitization.py', reloading
2023-11-04 03:24:10,320 - INFO -  * Restarting with stat
2023-11-04 03:24:12,345 - WARNING -  * Debugger is active!
2023-11-04 03:24:12,351 - INFO -  * Debugger PIN: 929-523-107
2023-11-04 03:31:45,948 - INFO -  * Detected change in 'c:\\Users\\HP\\Desktop\\Pk_space\\sanitization.py', reloading
2023-11-04 03:31:46,863 - INFO -  * Restarting with stat
2023-11-04 03:31:51,475 - WARNING -  * Debugger is active!
2023-11-04 03:31:51,502 - INFO -  * Debugger PIN: 929-523-107
2023-11-04 03:34:13,243 - INFO -  * Detected change in 'c:\\Users\\HP\\Desktop\\Pk_space\\Authentication\\auth.py', reloading
2023-11-04 03:34:13,669 - INFO -  * Restarting with stat
2023-11-04 03:34:15,966 - WARNING -  * Debugger is active!
2023-11-04 03:34:15,972 - INFO -  * Debugger PIN: 929-523-107
2023-11-04 03:37:42,538 - INFO -  * Detected change in 'c:\\Users\\HP\\Desktop\\Pk_space\\Authentication\\auth.py', reloading
2023-11-04 03:37:42,722 - INFO -  * Restarting with stat
2023-11-04 03:37:44,757 - WARNING -  * Debugger is active!
2023-11-04 03:37:44,762 - INFO -  * Debugger PIN: 929-523-107
2023-11-04 03:37:48,833 - INFO -  * Detected change in 'c:\\Users\\HP\\Desktop\\Pk_space\\Authentication\\auth.py', reloading
2023-11-04 03:37:49,010 - INFO -  * Restarting with stat
2023-11-04 03:37:50,773 - WARNING -  * Debugger is active!
2023-11-04 03:37:50,780 - INFO -  * Debugger PIN: 929-523-107
2023-11-04 03:38:28,251 - INFO -  * Detected change in 'c:\\Users\\HP\\Desktop\\Pk_space\\Authentication\\auth.py', reloading
2023-11-04 03:38:28,411 - INFO -  * Restarting with stat
2023-11-09 02:22:39,995 - INFO - [31m[1mWARNING: This is a development server. Do not use it in a production deployment. Use a production WSGI server instead.[0m
 * Running on http://127.0.0.1:5000
2023-11-09 02:22:39,996 - INFO - [33mPress CTRL+C to quit[0m
2023-11-09 02:22:39,999 - INFO -  * Restarting with stat
2023-11-09 02:22:42,123 - WARNING -  * Debugger is active!
2023-11-09 02:22:42,159 - INFO -  * Debugger PIN: 929-523-107
2023-11-09 02:26:35,707 - INFO - 127.0.0.1 - - [09/Nov/2023 02:26:35] "[35m[1mPOST /signup HTTP/1.1[0m" 500 -
2023-11-09 02:29:10,241 - INFO -  * Detected change in 'c:\\Users\\HP\\Desktop\\Pk_space\\sanitization.py', reloading
2023-11-09 02:29:11,282 - INFO -  * Restarting with stat
2023-11-09 02:29:13,746 - WARNING -  * Debugger is active!
2023-11-09 02:29:13,755 - INFO -  * Debugger PIN: 929-523-107
2023-11-09 02:29:34,194 - INFO -  * Detected change in 'c:\\Users\\HP\\Desktop\\Pk_space\\sanitization.py', reloading
2023-11-09 02:29:34,655 - INFO -  * Restarting with stat
2023-11-09 02:29:37,887 - WARNING -  * Debugger is active!
2023-11-09 02:29:37,903 - INFO -  * Debugger PIN: 929-523-107
2023-11-09 02:29:38,666 - INFO - 127.0.0.1 - - [09/Nov/2023 02:29:38] "POST /signup HTTP/1.1" 200 -
2023-11-09 02:30:40,951 - INFO - 2023-11-09 02:30:40.939593---Table Accessed | Request Path:/parkinglog
2023-11-09 02:30:40,968 - INFO - 127.0.0.1 - - [09/Nov/2023 02:30:40] "GET /parkinglog HTTP/1.1" 200 -
2023-11-09 02:41:40,790 - INFO - 2023-11-09 02:41:40.771885---Company Table Updated With New Record | Request Path:/EntryCompanyLog
2023-11-09 02:41:40,979 - INFO - 127.0.0.1 - - [09/Nov/2023 02:41:40] "[35m[1mPOST /EntryCompanyLog HTTP/1.1[0m" 500 -
2023-11-09 02:42:32,079 - INFO -  * Detected change in 'c:\\Users\\HP\\Desktop\\Pk_space\\api_action.py', reloading
2023-11-09 02:42:33,667 - INFO -  * Restarting with stat
2023-11-09 02:42:38,988 - WARNING -  * Debugger is active!
2023-11-09 02:42:39,020 - INFO -  * Debugger PIN: 929-523-107
2023-11-09 02:42:50,265 - INFO -  * Detected change in 'c:\\Users\\HP\\Desktop\\Pk_space\\api_action.py', reloading
2023-11-09 02:42:50,731 - INFO -  * Restarting with stat
2023-11-09 02:42:53,683 - WARNING -  * Debugger is active!
2023-11-09 02:42:53,694 - INFO -  * Debugger PIN: 929-523-107
2023-11-09 02:43:08,965 - INFO -  * Detected change in 'c:\\Users\\HP\\Desktop\\Pk_space\\api_action.py', reloading
2023-11-09 02:43:09,126 - INFO -  * Restarting with stat
2023-11-09 02:43:11,329 - WARNING -  * Debugger is active!
2023-11-09 02:43:11,346 - INFO -  * Debugger PIN: 929-523-107
2023-11-09 02:43:37,983 - INFO - 2023-11-09 02:43:37.983964---Company Table Updated With New Record | Request Path:/EntryCompanyLog
2023-11-09 02:43:37,985 - INFO - 127.0.0.1 - - [09/Nov/2023 02:43:37] "POST /EntryCompanyLog HTTP/1.1" 200 -
2023-11-09 02:43:46,918 - INFO - 127.0.0.1 - - [09/Nov/2023 02:43:46] "[31m[1mGET /EntryCompanyLog HTTP/1.1[0m" 405 -
2023-11-09 02:44:22,950 - INFO - 2023-11-09 02:44:22.950789---Company Table Accessed | Request Path:/companylog
2023-11-09 02:44:22,951 - INFO - 127.0.0.1 - - [09/Nov/2023 02:44:22] "GET /companylog HTTP/1.1" 200 -
2023-11-09 02:45:18,900 - INFO - 2023-11-09 02:45:18.877769---Table Updated With New Record | Request Path:/EntryParkinglog
2023-11-09 02:45:18,901 - INFO - 127.0.0.1 - - [09/Nov/2023 02:45:18] "POST /EntryParkinglog HTTP/1.1" 200 -
2023-11-09 02:45:37,957 - INFO - 2023-11-09 02:45:37.957175---Table Accessed | Request Path:/parkinglog
2023-11-09 02:45:37,957 - INFO - 127.0.0.1 - - [09/Nov/2023 02:45:37] "GET /parkinglog HTTP/1.1" 200 -
2023-11-09 02:47:15,207 - CRITICAL - 2023-11-09 02:47:15.205180--- Logged in record with ID: 1 attempted to delete | Request Path:/DeleteParkinglog
2023-11-09 02:47:15,208 - INFO - 127.0.0.1 - - [09/Nov/2023 02:47:15] "DELETE /DeleteParkinglog HTTP/1.1" 200 -
2023-11-09 02:48:31,802 - INFO -  * Detected change in 'c:\\Users\\HP\\Desktop\\Pk_space\\api_action.py', reloading
2023-11-09 02:48:33,150 - INFO -  * Restarting with stat
2023-11-09 02:48:36,407 - WARNING -  * Debugger is active!
2023-11-09 02:48:36,443 - INFO -  * Debugger PIN: 929-523-107
2023-11-09 02:50:21,401 - INFO -  * Detected change in 'c:\\Users\\HP\\Desktop\\Pk_space\\api_action.py', reloading
2023-11-09 02:50:21,796 - INFO -  * Restarting with stat
2023-11-09 02:50:25,409 - WARNING -  * Debugger is active!
2023-11-09 02:50:25,419 - INFO -  * Debugger PIN: 929-523-107
2023-11-09 02:51:27,679 - INFO -  * Detected change in 'c:\\Users\\HP\\Desktop\\Pk_space\\Repository\\parking_log.py', reloading
2023-11-09 02:51:27,992 - INFO -  * Restarting with stat
2023-11-09 02:51:31,149 - WARNING -  * Debugger is active!
2023-11-09 02:51:31,156 - INFO -  * Debugger PIN: 929-523-107
2023-11-09 02:51:38,202 - INFO - 2023-11-09 02:51:38.176775---Table Updated With New Record | Request Path:/EntryParkinglog
2023-11-09 02:51:38,204 - INFO - 127.0.0.1 - - [09/Nov/2023 02:51:38] "POST /EntryParkinglog HTTP/1.1" 200 -
2023-11-09 02:51:47,071 - INFO - 2023-11-09 02:51:47.071366---Table Accessed | Request Path:/parkinglog
2023-11-09 02:51:47,072 - INFO - 127.0.0.1 - - [09/Nov/2023 02:51:47] "GET /parkinglog HTTP/1.1" 200 -
2023-11-09 02:54:24,816 - INFO - 2023-11-09 02:54:24.803227---Record with ID: 2 Modified | Request Path:/UpdateParkinglog
2023-11-09 02:54:24,845 - INFO - 127.0.0.1 - - [09/Nov/2023 02:54:24] "[35m[1mPUT /UpdateParkinglog HTTP/1.1[0m" 500 -
2023-11-09 02:55:07,294 - INFO -  * Detected change in 'c:\\Users\\HP\\Desktop\\Pk_space\\Repository\\parking_log.py', reloading
2023-11-09 02:55:07,539 - INFO -  * Restarting with stat
2023-11-09 02:55:10,598 - WARNING -  * Debugger is active!
2023-11-09 02:55:10,620 - INFO -  * Debugger PIN: 929-523-107
2023-11-09 02:55:12,318 - INFO - 2023-11-09 02:55:12.306591---Record with ID: 2 Modified | Request Path:/UpdateParkinglog
2023-11-09 02:55:12,322 - INFO - 127.0.0.1 - - [09/Nov/2023 02:55:12] "PUT /UpdateParkinglog HTTP/1.1" 200 -
2023-11-09 02:56:33,220 - INFO -  * Detected change in 'c:\\Users\\HP\\Desktop\\Pk_space\\api_action.py', reloading
2023-11-09 02:56:33,612 - INFO -  * Restarting with stat
2023-11-09 02:56:37,544 - WARNING -  * Debugger is active!
2023-11-09 02:56:37,558 - INFO -  * Debugger PIN: 929-523-107
2023-11-09 02:56:44,568 - INFO - 2023-11-09 02:56:44.568436---Table Accessed | Request Path:/parkinglog
2023-11-09 02:56:44,569 - INFO - 127.0.0.1 - - [09/Nov/2023 02:56:44] "GET /parkinglog HTTP/1.1" 200 -
2023-11-09 02:57:18,012 - INFO - 2023-11-09 02:57:17.993918---Table Updated With New Record | Request Path:/EntryParkinglog
2023-11-09 02:57:18,012 - INFO - 127.0.0.1 - - [09/Nov/2023 02:57:18] "POST /EntryParkinglog HTTP/1.1" 200 -
2023-11-09 02:57:31,838 - INFO - 2023-11-09 02:57:31.837093---Table Accessed | Request Path:/parkinglog
2023-11-09 02:57:31,839 - INFO - 127.0.0.1 - - [09/Nov/2023 02:57:31] "GET /parkinglog HTTP/1.1" 200 -
2023-11-09 02:57:52,380 - INFO - 2023-11-09 02:57:52.367931---Record with ID: 3 Modified | Request Path:/UpdateParkinglog
2023-11-09 02:57:52,386 - INFO - 127.0.0.1 - - [09/Nov/2023 02:57:52] "PUT /UpdateParkinglog HTTP/1.1" 200 -
2023-11-09 02:59:20,438 - INFO -  * Detected change in 'c:\\Users\\HP\\Desktop\\Pk_space\\payment\\send_bill.py', reloading
2023-11-09 02:59:21,579 - INFO -  * Restarting with stat
2023-11-09 02:59:24,737 - WARNING -  * Debugger is active!
2023-11-09 02:59:24,754 - INFO -  * Debugger PIN: 929-523-107
2023-11-09 03:08:25,427 - INFO -  * Detected change in 'c:\\Users\\HP\\Desktop\\Pk_space\\payment\\send_bill.py', reloading
2023-11-09 03:08:26,667 - INFO -  * Restarting with stat
2023-11-09 03:08:30,907 - WARNING -  * Debugger is active!
2023-11-09 03:08:30,938 - INFO -  * Debugger PIN: 929-523-107
2023-11-09 03:10:45,397 - INFO -  * Detected change in 'c:\\Users\\HP\\Desktop\\Pk_space\\payment\\send_bill.py', reloading
2023-11-09 03:10:47,692 - INFO -  * Restarting with stat
2023-11-09 03:10:51,677 - WARNING -  * Debugger is active!
2023-11-09 03:10:51,700 - INFO -  * Debugger PIN: 929-523-107
2023-11-09 03:15:39,092 - INFO -  * Detected change in 'c:\\Users\\HP\\Desktop\\Pk_space\\payment\\send_bill.py', reloading
2023-11-09 03:15:40,398 - INFO -  * Restarting with stat
2023-11-09 03:15:43,083 - WARNING -  * Debugger is active!
2023-11-09 03:15:43,097 - INFO -  * Debugger PIN: 929-523-107
2023-11-09 03:16:04,512 - INFO -  * Detected change in 'c:\\Users\\HP\\Desktop\\Pk_space\\payment\\send_bill.py', reloading
2023-11-09 03:16:04,791 - INFO -  * Restarting with stat
2023-11-09 03:16:06,643 - WARNING -  * Debugger is active!
2023-11-09 03:16:06,652 - INFO -  * Debugger PIN: 929-523-107
2023-11-09 03:20:49,183 - INFO - 2023-11-09 03:20:49.175496---Table Accessed | Request Path:/parkinglog
2023-11-09 03:20:49,202 - INFO - 127.0.0.1 - - [09/Nov/2023 03:20:49] "GET /parkinglog HTTP/1.1" 200 -
2023-11-09 03:25:42,091 - INFO -  * Detected change in 'c:\\Users\\HP\\Desktop\\Pk_space\\payment\\send_bill.py', reloading
2023-11-09 03:25:43,120 - INFO -  * Restarting with stat
2023-11-09 03:25:45,946 - WARNING -  * Debugger is active!
2023-11-09 03:25:45,967 - INFO -  * Debugger PIN: 929-523-107
2023-11-09 03:39:31,565 - INFO -  * Detected change in 'c:\\Users\\HP\\Desktop\\Pk_space\\payment\\send_bill.py', reloading
2023-11-09 03:39:34,135 - INFO -  * Restarting with stat
2023-11-09 03:39:38,846 - WARNING -  * Debugger is active!
2023-11-09 03:39:38,890 - INFO -  * Debugger PIN: 929-523-107
2023-11-09 03:42:15,742 - INFO -  * Detected change in 'c:\\Users\\HP\\Desktop\\Pk_space\\payment\\send_bill.py', reloading
2023-11-09 03:42:16,537 - INFO -  * Restarting with stat
2023-11-09 03:42:19,404 - WARNING -  * Debugger is active!
2023-11-09 03:42:19,429 - INFO -  * Debugger PIN: 929-523-107
2023-11-09 03:42:36,777 - INFO -  * Detected change in 'c:\\Users\\HP\\Desktop\\Pk_space\\payment\\send_bill.py', reloading
2023-11-09 03:42:37,081 - INFO -  * Restarting with stat
2023-11-09 03:42:40,778 - WARNING -  * Debugger is active!
2023-11-09 03:42:40,796 - INFO -  * Debugger PIN: 929-523-107
2023-11-09 03:44:34,867 - INFO -  * Detected change in 'c:\\Users\\HP\\Desktop\\Pk_space\\api_action.py', reloading
2023-11-09 03:44:35,854 - INFO -  * Restarting with stat
2023-11-09 03:44:39,469 - WARNING -  * Debugger is active!
2023-11-09 03:44:39,495 - INFO -  * Debugger PIN: 929-523-107
2023-11-09 03:44:46,657 - INFO -  * Detected change in 'c:\\Users\\HP\\Desktop\\Pk_space\\api_action.py', reloading
2023-11-09 03:44:46,879 - INFO -  * Restarting with stat
2023-11-09 03:44:49,686 - WARNING -  * Debugger is active!
2023-11-09 03:44:49,703 - INFO -  * Debugger PIN: 929-523-107
2023-11-09 03:45:18,194 - INFO -  * Detected change in 'c:\\Users\\HP\\Desktop\\Pk_space\\api_action.py', reloading
2023-11-09 03:45:18,435 - INFO -  * Restarting with stat
2023-11-09 03:45:22,719 - WARNING -  * Debugger is active!
2023-11-09 03:45:22,734 - INFO -  * Debugger PIN: 929-523-107
2023-11-09 03:46:06,533 - INFO -  * Detected change in 'c:\\Users\\HP\\Desktop\\Pk_space\\api_action.py', reloading
2023-11-09 03:46:06,757 - INFO -  * Restarting with stat
2023-11-09 03:46:08,876 - WARNING -  * Debugger is active!
2023-11-09 03:46:08,881 - INFO -  * Debugger PIN: 929-523-107
2023-11-09 03:48:54,018 - INFO -  * Detected change in 'c:\\Users\\HP\\Desktop\\Pk_space\\payment\\send_bill.py', reloading
2023-11-09 03:48:54,311 - INFO -  * Restarting with stat
2023-11-09 03:48:56,492 - WARNING -  * Debugger is active!
2023-11-09 03:48:56,505 - INFO -  * Debugger PIN: 929-523-107
2023-11-09 03:53:43,701 - INFO -  * Detected change in 'c:\\Users\\HP\\Desktop\\Pk_space\\api_action.py', reloading
2023-11-09 03:53:44,856 - INFO -  * Restarting with stat
2023-11-09 03:53:47,916 - WARNING -  * Debugger is active!
2023-11-09 03:53:47,936 - INFO -  * Debugger PIN: 929-523-107
2023-11-09 03:53:55,095 - INFO -  * Detected change in 'c:\\Users\\HP\\Desktop\\Pk_space\\payment\\send_bill.py', reloading
2023-11-09 03:53:55,453 - INFO -  * Restarting with stat
2023-11-09 03:53:58,762 - WARNING -  * Debugger is active!
2023-11-09 03:53:58,769 - INFO -  * Debugger PIN: 929-523-107
2023-11-09 03:54:13,212 - INFO - 2023-11-09 03:54:13.212772---Company Table Accessed | Request Path:/companylog
2023-11-09 03:54:13,214 - INFO - 127.0.0.1 - - [09/Nov/2023 03:54:13] "GET /companylog HTTP/1.1" 200 -
2023-11-09 03:56:08,631 - INFO - 2023-11-09 03:56:08.631670---Company Table Updated With New Record | Request Path:/EntryCompanyLog
2023-11-09 03:56:08,632 - INFO - 127.0.0.1 - - [09/Nov/2023 03:56:08] "POST /EntryCompanyLog HTTP/1.1" 200 -
2023-11-09 03:56:14,462 - INFO - 2023-11-09 03:56:14.461965---Company Table Accessed | Request Path:/companylog
2023-11-09 03:56:14,462 - INFO - 127.0.0.1 - - [09/Nov/2023 03:56:14] "GET /companylog HTTP/1.1" 200 -
2023-11-09 03:57:11,989 - INFO - 2023-11-09 03:57:11.975564---Table Updated With New Record | Request Path:/EntryParkinglog
2023-11-09 03:57:11,989 - INFO - 127.0.0.1 - - [09/Nov/2023 03:57:11] "POST /EntryParkinglog HTTP/1.1" 200 -
2023-11-09 03:57:24,046 - INFO - 2023-11-09 03:57:24.046551---Table Accessed | Request Path:/parkinglog
2023-11-09 03:57:24,047 - INFO - 127.0.0.1 - - [09/Nov/2023 03:57:24] "GET /parkinglog HTTP/1.1" 200 -
2023-11-09 03:58:09,709 - INFO - 2023-11-09 03:58:09.709891---Table Accessed | Request Path:/parkinglog
2023-11-09 03:58:09,710 - INFO - 127.0.0.1 - - [09/Nov/2023 03:58:09] "GET /parkinglog HTTP/1.1" 200 -
2023-11-09 03:58:30,484 - INFO - 2023-11-09 03:58:30.474241---Record with ID: 4 Modified | Request Path:/UpdateParkinglog
2023-11-09 03:58:31,053 - INFO - -- BEGIN Twilio API Request --
2023-11-09 03:58:31,054 - INFO - POST Request: https://api.twilio.com/2010-04-01/Accounts/ACc70c64f97435dab79762b6f88e9062eb/Messages.json
2023-11-09 03:58:31,054 - INFO - Headers:
2023-11-09 03:58:31,054 - INFO - User-Agent : twilio-python/8.9.0 (Windows AMD64) Python/3.11.0
2023-11-09 03:58:31,054 - INFO - X-Twilio-Client : python-8.9.0
2023-11-09 03:58:31,054 - INFO - Accept-Charset : utf-8
2023-11-09 03:58:31,054 - INFO - Content-Type : application/x-www-form-urlencoded
2023-11-09 03:58:31,054 - INFO - Accept : application/json
2023-11-09 03:58:31,054 - INFO - -- END Twilio API Request --
2023-11-09 04:00:41,278 - INFO - 2023-11-09 04:00:41.277797---Table Accessed | Request Path:/parkinglog
2023-11-09 04:00:41,278 - INFO - 127.0.0.1 - - [09/Nov/2023 04:00:41] "GET /parkinglog HTTP/1.1" 200 -
2023-11-09 04:00:41,451 - INFO - Response Status Code: 201
2023-11-09 04:00:41,451 - INFO - Response Headers: {'Date': 'Wed, 08 Nov 2023 22:30:41 GMT', 'Content-Type': 'application/json; charset=utf-8', 'Content-Length': '1401', 'Connection': 'keep-alive', 'Twilio-Request-Id': 'RQf6ffd6d511b742c5c994ac3f91a9c9eb', 'Twilio-Request-Duration': '0.343', 'Access-Control-Allow-Origin': '*', 'Access-Control-Allow-Headers': 'Accept, Authorization, Content-Type, If-Match, If-Modified-Since, If-None-Match, If-Unmodified-Since, Idempotency-Key', 'Access-Control-Allow-Methods': 'GET, POST, DELETE, OPTIONS', 'Access-Control-Expose-Headers': 'ETag', 'Access-Control-Allow-Credentials': 'true', 'X-Powered-By': 'AT-5000', 'Strict-Transport-Security': 'max-age=31536000', 'Twilio-Concurrent-Requests': '1', 'X-Shenanigans': 'none', 'X-Home-Region': 'us1', 'X-API-Domain': 'api.twilio.com'}
2023-11-09 04:00:41,455 - INFO - 127.0.0.1 - - [09/Nov/2023 04:00:41] "PUT /UpdateParkinglog HTTP/1.1" 200 -
2023-11-09 04:04:47,725 - INFO - 127.0.0.1 - - [09/Nov/2023 04:04:47] "POST /signup HTTP/1.1" 200 -
2023-11-09 04:06:53,376 - INFO -  * Detected change in 'c:\\Users\\HP\\Desktop\\Pk_space\\Authentication\\auth.py', reloading
2023-11-09 04:06:54,770 - INFO -  * Restarting with stat
2023-11-09 04:06:58,747 - WARNING -  * Debugger is active!
2023-11-09 04:06:58,775 - INFO -  * Debugger PIN: 929-523-107
2023-11-09 04:07:53,779 - INFO -  * Detected change in 'c:\\Users\\HP\\Desktop\\Pk_space\\Authentication\\auth.py', reloading
2023-11-09 04:07:54,179 - INFO -  * Restarting with stat
2023-11-09 04:07:56,624 - WARNING -  * Debugger is active!
2023-11-09 04:07:56,637 - INFO -  * Debugger PIN: 929-523-107
2023-11-09 04:08:52,755 - INFO -  * Detected change in 'c:\\Users\\HP\\Desktop\\Pk_space\\Authentication\\auth.py', reloading
2023-11-09 04:08:53,082 - INFO -  * Restarting with stat
2023-11-09 04:08:54,991 - WARNING -  * Debugger is active!
2023-11-09 04:08:54,996 - INFO -  * Debugger PIN: 929-523-107
2023-11-09 04:13:19,809 - INFO - 127.0.0.1 - - [09/Nov/2023 04:13:19] "POST /signup HTTP/1.1" 200 -
2023-11-09 04:17:04,119 - INFO -  * Detected change in 'c:\\Users\\HP\\Desktop\\Pk_space\\sanitization.py', reloading
2023-11-09 04:17:05,580 - INFO -  * Restarting with stat
2023-11-09 04:17:08,959 - WARNING -  * Debugger is active!
2023-11-09 04:17:08,973 - INFO -  * Debugger PIN: 929-523-107
2023-11-09 04:18:39,686 - INFO -  * Detected change in 'c:\\Users\\HP\\Desktop\\Pk_space\\Authentication\\security.py', reloading
2023-11-09 04:18:39,964 - INFO -  * Restarting with stat
2023-11-09 04:18:42,923 - WARNING -  * Debugger is active!
2023-11-09 04:18:42,931 - INFO -  * Debugger PIN: 929-523-107
2023-11-09 04:18:56,841 - INFO - 127.0.0.1 - - [09/Nov/2023 04:18:56] "POST /signup HTTP/1.1" 200 -
2023-11-09 04:19:19,066 - INFO - 127.0.0.1 - - [09/Nov/2023 04:19:19] "POST /signup HTTP/1.1" 200 -
2023-11-09 04:19:49,226 - INFO -  * Detected change in 'c:\\Users\\HP\\Desktop\\Pk_space\\Authentication\\security.py', reloading
2023-11-09 04:19:49,710 - INFO -  * Restarting with stat
2023-11-09 04:19:52,145 - WARNING -  * Debugger is active!
2023-11-09 04:19:52,160 - INFO -  * Debugger PIN: 929-523-107
2023-11-09 04:21:23,088 - INFO - 127.0.0.1 - - [09/Nov/2023 04:21:23] "POST /signup HTTP/1.1" 200 -
2023-11-09 04:21:34,308 - INFO - 127.0.0.1 - - [09/Nov/2023 04:21:34] "[35m[1mPOST /signup HTTP/1.1[0m" 500 -
2023-11-10 15:48:10,881 - INFO - [31m[1mWARNING: This is a development server. Do not use it in a production deployment. Use a production WSGI server instead.[0m
 * Running on http://127.0.0.1:5000
2023-11-10 15:48:10,882 - INFO - [33mPress CTRL+C to quit[0m
2023-11-10 15:48:10,890 - INFO -  * Restarting with stat
2023-11-10 15:48:13,588 - WARNING -  * Debugger is active!
2023-11-10 15:48:13,614 - INFO -  * Debugger PIN: 929-523-107
2023-11-10 15:50:15,596 - INFO - 127.0.0.1 - - [10/Nov/2023 15:50:15] "POST /signup HTTP/1.1" 200 -
2023-11-10 15:51:19,349 - INFO - 127.0.0.1 - - [10/Nov/2023 15:51:19] "[35m[1mGET /parkinglog HTTP/1.1[0m" 500 -
2023-11-10 15:51:36,792 - INFO - 127.0.0.1 - - [10/Nov/2023 15:51:36] "[35m[1mGET /parkinglog HTTP/1.1[0m" 500 -
2023-11-10 15:52:57,075 - INFO - 2023-11-10 15:52:57.070792---Table Accessed | Request Path:/parkinglog
2023-11-10 15:52:57,077 - INFO - 127.0.0.1 - - [10/Nov/2023 15:52:57] "GET /parkinglog HTTP/1.1" 200 -
2023-11-10 15:53:44,371 - INFO - 2023-11-10 15:53:44.371870---Company Table Accessed | Request Path:/companylog
2023-11-10 15:53:44,371 - INFO - 127.0.0.1 - - [10/Nov/2023 15:53:44] "GET /companylog HTTP/1.1" 200 -
2023-11-10 15:54:52,677 - INFO - 127.0.0.1 - - [10/Nov/2023 15:54:52] "[35m[1mPOST /EntryParkinglog HTTP/1.1[0m" 500 -
2023-11-10 15:56:40,061 - INFO - 2023-11-10 15:56:40.039451---Table Updated With New Record | Request Path:/EntryParkinglog
2023-11-10 15:56:40,062 - INFO - 127.0.0.1 - - [10/Nov/2023 15:56:40] "POST /EntryParkinglog HTTP/1.1" 200 -
2023-11-10 15:56:51,806 - INFO - 2023-11-10 15:56:51.806067---Table Accessed | Request Path:/parkinglog
2023-11-10 15:56:51,807 - INFO - 127.0.0.1 - - [10/Nov/2023 15:56:51] "GET /parkinglog HTTP/1.1" 200 -
2023-11-10 15:58:37,912 - INFO - 127.0.0.1 - - [10/Nov/2023 15:58:37] "[35m[1mPUT /UpdateParkinglog HTTP/1.1[0m" 500 -
2023-11-10 16:00:33,401 - INFO - 2023-11-10 16:00:33.384496---Record with ID: 5 Modified | Request Path:/UpdateParkinglog
2023-11-10 16:00:34,313 - INFO - -- BEGIN Twilio API Request --
2023-11-10 16:00:34,313 - INFO - POST Request: https://api.twilio.com/2010-04-01/Accounts/ACc70c64f97435dab79762b6f88e9062eb/Messages.json
2023-11-10 16:00:34,313 - INFO - Headers:
2023-11-10 16:00:34,314 - INFO - User-Agent : twilio-python/8.9.0 (Windows AMD64) Python/3.11.0
2023-11-10 16:00:34,314 - INFO - X-Twilio-Client : python-8.9.0
2023-11-10 16:00:34,314 - INFO - Accept-Charset : utf-8
2023-11-10 16:00:34,315 - INFO - Content-Type : application/x-www-form-urlencoded
2023-11-10 16:00:34,315 - INFO - Accept : application/json
2023-11-10 16:00:34,315 - INFO - -- END Twilio API Request --
2023-11-10 16:00:39,032 - INFO - Response Status Code: 201
2023-11-10 16:00:39,033 - INFO - Response Headers: {'Date': 'Fri, 10 Nov 2023 10:30:38 GMT', 'Content-Type': 'application/json; charset=utf-8', 'Content-Length': '1411', 'Connection': 'keep-alive', 'Twilio-Request-Id': 'RQe51c21d91911864db77b31e555a030cb', 'Twilio-Request-Duration': '0.145', 'Access-Control-Allow-Origin': '*', 'Access-Control-Allow-Headers': 'Accept, Authorization, Content-Type, If-Match, If-Modified-Since, If-None-Match, If-Unmodified-Since, Idempotency-Key', 'Access-Control-Allow-Methods': 'GET, POST, DELETE, OPTIONS', 'Access-Control-Expose-Headers': 'ETag', 'Access-Control-Allow-Credentials': 'true', 'Twilio-Concurrent-Requests': '1', 'X-Shenanigans': 'none', 'X-Powered-By': 'AT-5000', 'X-Home-Region': 'us1', 'X-API-Domain': 'api.twilio.com'}
2023-11-10 16:00:39,052 - INFO - 2023-11-10 16:00:39.052220---Bill Generated and Sent to Trial Name Company| id:SMe51c21d91911864db77b31e555a030cb
2023-11-10 16:00:39,054 - INFO - 127.0.0.1 - - [10/Nov/2023 16:00:39] "PUT /UpdateParkinglog HTTP/1.1" 200 -
2023-11-10 16:01:39,166 - INFO - 2023-11-10 16:01:39.166444---Table Accessed | Request Path:/parkinglog
2023-11-10 16:01:39,166 - INFO - 127.0.0.1 - - [10/Nov/2023 16:01:39] "GET /parkinglog HTTP/1.1" 200 -
2023-11-10 16:01:56,029 - INFO - 127.0.0.1 - - [10/Nov/2023 16:01:56] "[31m[1mDELETE /parkinglog HTTP/1.1[0m" 405 -
2023-11-10 16:02:06,423 - CRITICAL - 2023-11-10 16:02:06.423827--- Logged in record with ID: 5 attempted to delete | Request Path:/DeleteParkinglog
2023-11-10 16:02:06,423 - INFO - 127.0.0.1 - - [10/Nov/2023 16:02:06] "DELETE /DeleteParkinglog HTTP/1.1" 200 -
2023-11-10 16:02:23,052 - INFO - 127.0.0.1 - - [10/Nov/2023 16:02:23] "[31m[1mDELETE /download HTTP/1.1[0m" 405 -
2023-11-10 16:02:31,822 - INFO - 127.0.0.1 - - [10/Nov/2023 16:02:31] "[35m[1mPOST /download HTTP/1.1[0m" 500 -
2023-11-10 16:03:08,426 - CRITICAL - 2023-11-10 16:03:08.426020 Records with Status:Done downloaded | Request Path:/download
2023-11-10 16:03:08,427 - INFO - 127.0.0.1 - - [10/Nov/2023 16:03:08] "POST /download HTTP/1.1" 200 -
2023-11-10 16:07:15,160 - INFO -  * Detected change in 'c:\\Users\\HP\\Desktop\\Pk_space\\api_action.py', reloading
2023-11-10 16:07:16,978 - INFO -  * Restarting with stat
